<?xml version="1.0" encoding="UTF-8"?>
<!-- Generated by org.testng.reporters.JUnitXMLReporter -->
<testsuite hostname="DESKTOP-CIRC4LK" name="Test" tests="6" failures="0" timestamp="20 Aug 2020 14:33:05 GMT" time="99.616" errors="0">
  <testcase name="SignIn" time="12.191" classname="com.test.actiTimeTest"/>
  <testcase name="SignIn" time="11.486" classname="com.test.actiTimeTest"/>
  <testcase name="HomePageTitleTest" time="13.338" classname="com.test.actiTimeTest"/>
  <testcase name="LoginPageTitleTest" time="13.329" classname="com.test.actiTimeTest"/>
  <testcase name="SignOut" time="19.634" classname="com.test.actiTimeTest"/>
  <testcase name="FacebookTitleTest" time="3.2" classname="com.test.annotations"/>
</testsuite> <!-- Test -->
